0 info it worked if it ends with ok
1 verbose cli [ '/home/lagranovskiy/.nvm/versions/node/v0.12.1/bin/node',
1 verbose cli   '/home/lagranovskiy/.nvm/versions/node/v0.12.1/bin/npm',
1 verbose cli   'start' ]
2 info using npm@2.5.1
3 info using node@v0.12.1
4 verbose stack Error: Failed to parse json
4 verbose stack Unexpected string
4 verbose stack     at parseError (/home/lagranovskiy/.nvm/versions/node/v0.12.1/lib/node_modules/npm/node_modules/read-package-json/read-json.js:378:25)
4 verbose stack     at parseJson (/home/lagranovskiy/.nvm/versions/node/v0.12.1/lib/node_modules/npm/node_modules/read-package-json/read-json.js:85:51)
4 verbose stack     at /home/lagranovskiy/.nvm/versions/node/v0.12.1/lib/node_modules/npm/node_modules/read-package-json/read-json.js:59:33
4 verbose stack     at evalmachine.<anonymous>:336:14
4 verbose stack     at /home/lagranovskiy/.nvm/versions/node/v0.12.1/lib/node_modules/npm/node_modules/graceful-fs/graceful-fs.js:102:5
4 verbose stack     at FSReqWrap.oncomplete (evalmachine.<anonymous>:99:15)
5 verbose cwd /home/lagranovskiy/projects/pac/sources/timetracker-server
6 error Linux 3.13.0-44-generic
7 error argv "/home/lagranovskiy/.nvm/versions/node/v0.12.1/bin/node" "/home/lagranovskiy/.nvm/versions/node/v0.12.1/bin/npm" "start"
8 error node v0.12.1
9 error npm  v2.5.1
10 error file /home/lagranovskiy/projects/pac/sources/timetracker-server/package.json
11 error code EJSONPARSE
12 error Failed to parse json
12 error Unexpected string
13 error File: /home/lagranovskiy/projects/pac/sources/timetracker-server/package.json
14 error Failed to parse package.json data.
14 error package.json must be actual JSON, not just JavaScript.
14 error
14 error This is not a bug in npm.
14 error Tell the package author to fix their package.json file. JSON.parse
15 verbose exit [ 1, true ]
